(1622879499.030103) can0 290#00000000000000BE
(1622879499.030306) can0 120#16740000010000CC
(1622879499.032974) can0 450#0000000008003800
(1622879499.033229) can0 551#0000000057000000
(1622879499.033479) can0 710#79F27F0000000000
(1622879499.037755) can0 290#00000000000000D4
(1622879499.037963) can0 12F#00000000000000D4
(1622879499.038209) can0 174#00800000FE7F0000
(1622879499.038459) can0 17C#00800000FE7F0000
(1622879499.038705) can0 178#00800000FE7F0000
(1622879499.038949) can0 12D#00000000000000D4
(1622879499.042945) can0 541#00002000F3000054
(1622879499.047783) can0 12D#0000000000000035
(1622879499.048017) can0 178#00800000FE7F0000
(1622879499.048265) can0 290#0000000000000035
(1622879499.048507) can0 120#167400000100002D
(1622879499.048755) can0 12E#000000000000FA28
(1622879499.049001) can0 12F#0000000000000035
(1622879499.049237) can0 128#00E113000000E126
(1622879499.049487) can0 17C#00800000FE7F0000
(1622879499.049733) can0 129#0000000000000035
(1622879499.049987) can0 174#00800000FE7F0000
(1622879499.050274) can0 121#0000000000000035
(1622879499.052945) can0 551#0000000057000000
(1622879499.057739) can0 174#00800000FE7F0000
(1622879499.057946) can0 178#00800000FE7F0000
(1622879499.058195) can0 12D#000000000000005F
(1622879499.058524) can0 290#000000000000005F
(1622879499.058689) can0 12F#000000000000005F
(1622879499.058940) can0 17C#00800000FE7F0000
(1622879499.062947) can0 541#00002000F3000061
(1622879499.067856) can0 17C#00800000FE7F0000
(1622879499.068093) can0 12F#000000000000006A
